<?xml version="1.0" encoding="UTF-8" ?>
<testsuite failures="3" time="124.397" errors="0" skipped="0" tests="4" name="STMathRegressionTest.STMathTest">
  <properties>
[...]
</properties>
  <testcase time="60.082" classname="STMathRegressionTest.STMathTest" name="TestAddClassUtility"/>
  <testcase time="21.468" classname="STMathRegressionTest.STMathTest" name="TestEditInst">
    <failure message="Passed Teacherlogin expected:&lt;true&gt; but was:&lt;false&gt;" type="java.lang.AssertionError">java.lang.AssertionError: Passed Teacherlogin expected:&lt;true&gt; but was:&lt;false&gt;
	at org.testng.Assert.fail(Assert.java:89)
	at org.testng.Assert.failNotEquals(Assert.java:489)
	at org.testng.Assert.assertTrue(Assert.java:37)
	at STMathRegressionTest.STMathTest.TestEditInst(STMathTest.java:165)
</failure>
    <system-out>Test Edit Institution utility
i am inside loginteacherconsole
[log] CLICK on L(278,498)@S(0)[0,0 1366x768]
FindFailed: can not find C:\work\TestAutomationResources\TeacherConsole\Jijiconsole.png on the screen.
  Line 1574, in file Region.java

</system-out>
  </testcase>
  <testcase time="21.278" classname="STMathRegressionTest.STMathTest" name="TestSwitchView">
    <failure message="can&apos;t login to teacherconsole expected:&lt;true&gt; but was:&lt;false&gt;" type="java.lang.AssertionError">java.lang.AssertionError: can&apos;t login to teacherconsole expected:&lt;true&gt; but was:&lt;false&gt;
	at org.testng.Assert.fail(Assert.java:89)
	at org.testng.Assert.failNotEquals(Assert.java:489)
	at org.testng.Assert.assertTrue(Assert.java:37)
	at STMathRegressionTest.STMathTest.TestSwitchView(STMathTest.java:284)
</failure>
    <system-out>test switch view
i am inside loginteacherconsole
[log] CLICK on L(278,498)@S(0)[0,0 1366x768]
FindFailed: can not find C:\work\TestAutomationResources\TeacherConsole\Jijiconsole.png on the screen.
  Line 1574, in file Region.java

TestSwitchView failed
</system-out>
  </testcase>
  <testcase time="21.569" classname="STMathRegressionTest.STMathTest" name="VerifyTeacherLogin">
    <failure message="Passed Teacherlogin expected:&lt;true&gt; but was:&lt;false&gt;" type="java.lang.AssertionError">java.lang.AssertionError: Passed Teacherlogin expected:&lt;true&gt; but was:&lt;false&gt;
	at org.testng.Assert.fail(Assert.java:89)
	at org.testng.Assert.failNotEquals(Assert.java:489)
	at org.testng.Assert.assertTrue(Assert.java:37)
	at STMathRegressionTest.STMathTest.VerifyTeacherLogin(STMathTest.java:79)
</failure>
    <system-out>VerifyTeacherLogin
i am inside loginteacherconsole
[log] CLICK on L(278,498)@S(0)[0,0 1366x768]
FindFailed: can not find C:\work\TestAutomationResources\TeacherConsole\Jijiconsole.png on the screen.
  Line 1574, in file Region.java

</system-out>
  </testcase>
</testsuite>